<?xml version="1.0" encoding="UTF-8"?>
<!-- Generated by org.testng.reporters.JUnitReportReporter -->
<testsuite hostname="DESKTOP-8L3GBEV" failures="0" tests="1" name="kalyan.Failedscreenshot" time="13.992" errors="0" timestamp="2022-12-20T18:10:18 IST" skipped="0">
  <testcase classname="kalyan.Failedscreenshot" name="f" time="13.992"/>
  <system-out/>
</testsuite> <!-- kalyan.Failedscreenshot -->
