<?xml version="1.0" encoding="UTF-8"?>
<!-- Generated by org.testng.reporters.JUnitReportReporter -->
<testsuite hostname="DESKTOP-8L3GBEV" failures="0" tests="1" name="kalyan.FullpageScreenshot" time="29.738" errors="0" timestamp="2022-12-20T20:19:17 IST" skipped="0">
  <testcase classname="kalyan.FullpageScreenshot" name="f" time="29.738"/>
  <system-out/>
</testsuite> <!-- kalyan.FullpageScreenshot -->
