<?xml version="1.0" encoding="UTF-8"?>
<!-- Generated by org.testng.reporters.JUnitReportReporter -->
<testsuite hostname="DESKTOP-8L3GBEV" failures="0" tests="1" name="kalyan.Newtabfunctionality" time="13.305" errors="0" timestamp="2022-12-21T11:39:59 IST" skipped="0">
  <testcase classname="kalyan.Newtabfunctionality" name="newTab" time="13.305"/>
  <system-out/>
</testsuite> <!-- kalyan.Newtabfunctionality -->
