<?xml version="1.0" encoding="UTF-8"?>
<!-- Generated by org.testng.reporters.JUnitReportReporter -->
<testsuite hostname="DESKTOP-8L3GBEV" failures="0" tests="1" name="kalyan.ScreenshotTime" time="13.226" errors="0" timestamp="2022-12-20T19:10:29 IST" skipped="0">
  <testcase classname="kalyan.ScreenshotTime" name="f" time="13.226"/>
  <system-out/>
</testsuite> <!-- kalyan.ScreenshotTime -->
