<?xml version="1.0" encoding="UTF-8"?>
<!-- Generated by org.testng.reporters.JUnitReportReporter -->
<testsuite hostname="DESKTOP-8L3GBEV" failures="0" tests="1" name="log4j.log4jDemo" time="38.978" errors="0" timestamp="2022-12-20T21:12:46 IST" skipped="0">
  <testcase classname="log4j.log4jDemo" name="f" time="38.978"/>
  <system-out/>
</testsuite> <!-- log4j.log4jDemo -->
