<?xml version="1.0" encoding="UTF-8"?>
<!-- Generated by org.testng.reporters.JUnitReportReporter -->
<testsuite hostname="DESKTOP-8L3GBEV" failures="0" tests="1" name="kalyan.Screenshotlocator" time="15.525" errors="0" timestamp="2022-12-20T19:17:08 IST" skipped="0">
  <testcase classname="kalyan.Screenshotlocator" name="f" time="15.525"/>
  <system-out/>
</testsuite> <!-- kalyan.Screenshotlocator -->
