<?xml version="1.0" encoding="UTF-8"?>
<!-- Generated by org.testng.reporters.JUnitReportReporter -->
<testsuite hostname="DESKTOP-8L3GBEV" failures="0" tests="1" name="kalyan.Browselaunch" time="7.503" errors="0" timestamp="2022-12-20T18:40:43 IST" skipped="0">
  <testcase classname="kalyan.Browselaunch" name="gangaram" time="7.503"/>
  <system-out/>
</testsuite> <!-- kalyan.Browselaunch -->
